2024-04-29 19:54:31,076 INFO o.s.b.StartupInfoLogger [main] Starting KaryawanApplication using Java 21.0.2 with PID 11160 (E:\Java\Spring\karyawan\target\classes started by izo in e:\Java\Spring\karyawan)
2024-04-29 19:54:31,080 INFO o.s.b.SpringApplication [main] No active profile set, falling back to 1 default profile: "default"
2024-04-29 19:54:31,848 INFO o.s.d.r.c.RepositoryConfigurationDelegate [main] Bootstrapping Spring Data JPA repositories in DEFAULT mode.
2024-04-29 19:54:31,932 INFO o.s.d.r.c.RepositoryConfigurationDelegate [main] Finished Spring Data repository scanning in 72 ms. Found 5 JPA repository interfaces.
2024-04-29 19:54:32,670 INFO o.s.b.w.e.t.TomcatWebServer [main] Tomcat initialized with port 8080 (http)
2024-04-29 19:54:32,680 INFO o.a.j.l.DirectJDKLog [main] Initializing ProtocolHandler ["http-nio-8080"]
2024-04-29 19:54:32,685 INFO o.a.j.l.DirectJDKLog [main] Starting service [Tomcat]
2024-04-29 19:54:32,685 INFO o.a.j.l.DirectJDKLog [main] Starting Servlet engine: [Apache Tomcat/10.1.20]
2024-04-29 19:54:32,767 INFO o.a.j.l.DirectJDKLog [main] Initializing Spring embedded WebApplicationContext
2024-04-29 19:54:32,770 INFO o.s.b.w.s.c.ServletWebServerApplicationContext [main] Root WebApplicationContext: initialization completed in 1616 ms
2024-04-29 19:54:32,991 INFO o.h.j.i.u.LogHelper [main] HHH000204: Processing PersistenceUnitInfo [name: default]
2024-04-29 19:54:33,093 INFO o.h.Version [main] HHH000412: Hibernate ORM core version 6.4.4.Final
2024-04-29 19:54:33,136 INFO o.h.c.i.RegionFactoryInitiator [main] HHH000026: Second-level cache disabled
2024-04-29 19:54:33,416 INFO o.s.o.j.p.SpringPersistenceUnitInfo [main] No LoadTimeWeaver setup: ignoring JPA class transformer
2024-04-29 19:54:33,442 INFO c.z.h.HikariDataSource [main] HikariPool-1 - Starting...
2024-04-29 19:54:33,616 INFO c.z.h.p.HikariPool [main] HikariPool-1 - Added connection org.postgresql.jdbc.PgConnection@6a6da47a
2024-04-29 19:54:33,618 INFO c.z.h.HikariDataSource [main] HikariPool-1 - Start completed.
2024-04-29 19:54:33,655 WARN o.h.e.j.d.i.DialectFactoryImpl [main] HHH90000025: PostgreSQLDialect does not need to be specified explicitly using 'hibernate.dialect' (remove the property setting and it will be selected by default)
2024-04-29 19:54:34,652 INFO o.h.e.t.j.p.i.JtaPlatformInitiator [main] HHH000489: No JTA platform available (set 'hibernate.transaction.jta.platform' to enable JTA platform integration)
2024-04-29 19:54:34,768 INFO o.s.o.j.AbstractEntityManagerFactoryBean [main] Initialized JPA EntityManagerFactory for persistence unit 'default'
2024-04-29 19:54:35,148 WARN o.s.b.a.o.j.JpaBaseConfiguration$JpaWebConfiguration [main] spring.jpa.open-in-view is enabled by default. Therefore, database queries may be performed during view rendering. Explicitly configure spring.jpa.open-in-view to disable this warning
2024-04-29 19:54:35,652 INFO o.a.j.l.DirectJDKLog [main] Starting ProtocolHandler ["http-nio-8080"]
2024-04-29 19:54:35,683 INFO o.s.b.w.e.t.TomcatWebServer [main] Tomcat started on port 8080 (http) with context path ''
2024-04-29 19:54:35,700 INFO o.s.b.StartupInfoLogger [main] Started KaryawanApplication in 5.236 seconds (process running for 5.741)
2024-04-29 19:54:39,553 INFO o.a.j.l.DirectJDKLog [http-nio-8080-exec-1] Initializing Spring DispatcherServlet 'dispatcherServlet'
2024-04-29 19:54:39,554 INFO o.s.w.s.FrameworkServlet [http-nio-8080-exec-1] Initializing Servlet 'dispatcherServlet'
2024-04-29 19:54:39,556 INFO o.s.w.s.FrameworkServlet [http-nio-8080-exec-1] Completed initialization in 1 ms
2024-04-29 21:24:55,317 INFO o.s.b.StartupInfoLogger [main] Starting KaryawanApplication using Java 21.0.2 with PID 28684 (E:\Java\Spring\karyawan\target\classes started by izo in e:\Java\Spring\karyawan)
2024-04-29 21:24:55,321 INFO o.s.b.SpringApplication [main] No active profile set, falling back to 1 default profile: "default"
2024-04-29 21:24:56,022 INFO o.s.d.r.c.RepositoryConfigurationDelegate [main] Bootstrapping Spring Data JPA repositories in DEFAULT mode.
2024-04-29 21:24:56,117 INFO o.s.d.r.c.RepositoryConfigurationDelegate [main] Finished Spring Data repository scanning in 80 ms. Found 5 JPA repository interfaces.
2024-04-29 21:24:56,857 INFO o.s.b.w.e.t.TomcatWebServer [main] Tomcat initialized with port 8080 (http)
2024-04-29 21:24:56,868 INFO o.a.j.l.DirectJDKLog [main] Initializing ProtocolHandler ["http-nio-8080"]
2024-04-29 21:24:56,872 INFO o.a.j.l.DirectJDKLog [main] Starting service [Tomcat]
2024-04-29 21:24:56,872 INFO o.a.j.l.DirectJDKLog [main] Starting Servlet engine: [Apache Tomcat/10.1.20]
2024-04-29 21:24:56,963 INFO o.a.j.l.DirectJDKLog [main] Initializing Spring embedded WebApplicationContext
2024-04-29 21:24:56,964 INFO o.s.b.w.s.c.ServletWebServerApplicationContext [main] Root WebApplicationContext: initialization completed in 1583 ms
2024-04-29 21:24:57,208 INFO o.h.j.i.u.LogHelper [main] HHH000204: Processing PersistenceUnitInfo [name: default]
2024-04-29 21:24:57,278 INFO o.h.Version [main] HHH000412: Hibernate ORM core version 6.4.4.Final
2024-04-29 21:24:57,313 INFO o.h.c.i.RegionFactoryInitiator [main] HHH000026: Second-level cache disabled
2024-04-29 21:24:57,538 INFO o.s.o.j.p.SpringPersistenceUnitInfo [main] No LoadTimeWeaver setup: ignoring JPA class transformer
2024-04-29 21:24:57,565 INFO c.z.h.HikariDataSource [main] HikariPool-1 - Starting...
2024-04-29 21:24:57,796 INFO c.z.h.p.HikariPool [main] HikariPool-1 - Added connection org.postgresql.jdbc.PgConnection@7e18ced7
2024-04-29 21:24:57,798 INFO c.z.h.HikariDataSource [main] HikariPool-1 - Start completed.
2024-04-29 21:24:57,838 WARN o.h.e.j.d.i.DialectFactoryImpl [main] HHH90000025: PostgreSQLDialect does not need to be specified explicitly using 'hibernate.dialect' (remove the property setting and it will be selected by default)
2024-04-29 21:24:58,969 INFO o.h.e.t.j.p.i.JtaPlatformInitiator [main] HHH000489: No JTA platform available (set 'hibernate.transaction.jta.platform' to enable JTA platform integration)
2024-04-29 21:24:59,110 INFO o.s.o.j.AbstractEntityManagerFactoryBean [main] Initialized JPA EntityManagerFactory for persistence unit 'default'
2024-04-29 21:24:59,406 WARN o.s.b.a.o.j.JpaBaseConfiguration$JpaWebConfiguration [main] spring.jpa.open-in-view is enabled by default. Therefore, database queries may be performed during view rendering. Explicitly configure spring.jpa.open-in-view to disable this warning
2024-04-29 21:24:59,848 INFO o.a.j.l.DirectJDKLog [main] Starting ProtocolHandler ["http-nio-8080"]
2024-04-29 21:24:59,868 INFO o.s.b.w.e.t.TomcatWebServer [main] Tomcat started on port 8080 (http) with context path ''
2024-04-29 21:24:59,879 INFO o.s.b.StartupInfoLogger [main] Started KaryawanApplication in 5.161 seconds (process running for 5.604)
