2024-04-29 03:40:14,289 INFO o.s.b.StartupInfoLogger [main] Starting KaryawanApplication using Java 21.0.2 with PID 13664 (E:\Java\Spring\karyawan\target\classes started by izo in e:\Java\Spring\karyawan)
2024-04-29 03:40:14,294 INFO o.s.b.SpringApplication [main] No active profile set, falling back to 1 default profile: "default"
2024-04-29 03:40:15,298 INFO o.s.d.r.c.RepositoryConfigurationDelegate [main] Bootstrapping Spring Data JPA repositories in DEFAULT mode.
2024-04-29 03:40:15,401 INFO o.s.d.r.c.RepositoryConfigurationDelegate [main] Finished Spring Data repository scanning in 89 ms. Found 5 JPA repository interfaces.
2024-04-29 03:40:16,287 INFO o.s.b.w.e.t.TomcatWebServer [main] Tomcat initialized with port 8080 (http)
2024-04-29 03:40:16,304 INFO o.a.j.l.DirectJDKLog [main] Initializing ProtocolHandler ["http-nio-8080"]
2024-04-29 03:40:16,311 INFO o.a.j.l.DirectJDKLog [main] Starting service [Tomcat]
2024-04-29 03:40:16,312 INFO o.a.j.l.DirectJDKLog [main] Starting Servlet engine: [Apache Tomcat/10.1.20]
2024-04-29 03:40:16,434 INFO o.a.j.l.DirectJDKLog [main] Initializing Spring embedded WebApplicationContext
2024-04-29 03:40:16,437 INFO o.s.b.w.s.c.ServletWebServerApplicationContext [main] Root WebApplicationContext: initialization completed in 2079 ms
2024-04-29 03:40:16,642 INFO o.h.j.i.u.LogHelper [main] HHH000204: Processing PersistenceUnitInfo [name: default]
2024-04-29 03:40:16,735 INFO o.h.Version [main] HHH000412: Hibernate ORM core version 6.4.4.Final
2024-04-29 03:40:16,786 INFO o.h.c.i.RegionFactoryInitiator [main] HHH000026: Second-level cache disabled
2024-04-29 03:40:17,219 INFO o.s.o.j.p.SpringPersistenceUnitInfo [main] No LoadTimeWeaver setup: ignoring JPA class transformer
2024-04-29 03:40:17,264 INFO c.z.h.HikariDataSource [main] HikariPool-1 - Starting...
2024-04-29 03:40:17,501 INFO c.z.h.p.HikariPool [main] HikariPool-1 - Added connection org.postgresql.jdbc.PgConnection@1b0e031b
2024-04-29 03:40:17,503 INFO c.z.h.HikariDataSource [main] HikariPool-1 - Start completed.
2024-04-29 03:40:17,562 WARN o.h.e.j.d.i.DialectFactoryImpl [main] HHH90000025: PostgreSQLDialect does not need to be specified explicitly using 'hibernate.dialect' (remove the property setting and it will be selected by default)
2024-04-29 03:40:18,767 INFO o.h.e.t.j.p.i.JtaPlatformInitiator [main] HHH000489: No JTA platform available (set 'hibernate.transaction.jta.platform' to enable JTA platform integration)
2024-04-29 03:40:18,903 INFO o.s.o.j.AbstractEntityManagerFactoryBean [main] Initialized JPA EntityManagerFactory for persistence unit 'default'
2024-04-29 03:40:19,450 WARN o.s.b.a.o.j.JpaBaseConfiguration$JpaWebConfiguration [main] spring.jpa.open-in-view is enabled by default. Therefore, database queries may be performed during view rendering. Explicitly configure spring.jpa.open-in-view to disable this warning
2024-04-29 03:40:19,876 INFO o.a.j.l.DirectJDKLog [main] Starting ProtocolHandler ["http-nio-8080"]
2024-04-29 03:40:19,910 INFO o.s.b.w.e.t.TomcatWebServer [main] Tomcat started on port 8080 (http) with context path ''
2024-04-29 03:40:19,921 INFO o.s.b.StartupInfoLogger [main] Started KaryawanApplication in 6.235 seconds (process running for 6.829)
2024-04-29 03:40:28,323 INFO o.a.j.l.DirectJDKLog [http-nio-8080-exec-1] Initializing Spring DispatcherServlet 'dispatcherServlet'
2024-04-29 03:40:28,324 INFO o.s.w.s.FrameworkServlet [http-nio-8080-exec-1] Initializing Servlet 'dispatcherServlet'
2024-04-29 03:40:28,327 INFO o.s.w.s.FrameworkServlet [http-nio-8080-exec-1] Completed initialization in 3 ms
2024-04-29 03:44:20,709 INFO o.s.b.StartupInfoLogger [main] Starting KaryawanApplication using Java 21.0.2 with PID 29048 (E:\Java\Spring\karyawan\target\classes started by izo in e:\Java\Spring\karyawan)
2024-04-29 03:44:20,716 INFO o.s.b.SpringApplication [main] No active profile set, falling back to 1 default profile: "default"
2024-04-29 03:44:22,305 INFO o.s.d.r.c.RepositoryConfigurationDelegate [main] Bootstrapping Spring Data JPA repositories in DEFAULT mode.
2024-04-29 03:44:22,396 INFO o.s.d.r.c.RepositoryConfigurationDelegate [main] Finished Spring Data repository scanning in 81 ms. Found 5 JPA repository interfaces.
2024-04-29 03:44:23,469 INFO o.s.b.w.e.t.TomcatWebServer [main] Tomcat initialized with port 8080 (http)
2024-04-29 03:44:23,490 INFO o.a.j.l.DirectJDKLog [main] Initializing ProtocolHandler ["http-nio-8080"]
2024-04-29 03:44:23,494 INFO o.a.j.l.DirectJDKLog [main] Starting service [Tomcat]
2024-04-29 03:44:23,495 INFO o.a.j.l.DirectJDKLog [main] Starting Servlet engine: [Apache Tomcat/10.1.20]
2024-04-29 03:44:23,586 INFO o.a.j.l.DirectJDKLog [main] Initializing Spring embedded WebApplicationContext
2024-04-29 03:44:23,588 INFO o.s.b.w.s.c.ServletWebServerApplicationContext [main] Root WebApplicationContext: initialization completed in 2743 ms
2024-04-29 03:44:23,774 INFO o.h.j.i.u.LogHelper [main] HHH000204: Processing PersistenceUnitInfo [name: default]
2024-04-29 03:44:23,889 INFO o.h.Version [main] HHH000412: Hibernate ORM core version 6.4.4.Final
2024-04-29 03:44:23,936 INFO o.h.c.i.RegionFactoryInitiator [main] HHH000026: Second-level cache disabled
2024-04-29 03:44:24,324 INFO o.s.o.j.p.SpringPersistenceUnitInfo [main] No LoadTimeWeaver setup: ignoring JPA class transformer
2024-04-29 03:44:24,373 INFO c.z.h.HikariDataSource [main] HikariPool-1 - Starting...
2024-04-29 03:44:24,807 INFO c.z.h.p.HikariPool [main] HikariPool-1 - Added connection org.postgresql.jdbc.PgConnection@50a7c72b
2024-04-29 03:44:24,813 INFO c.z.h.HikariDataSource [main] HikariPool-1 - Start completed.
2024-04-29 03:44:24,920 WARN o.h.e.j.d.i.DialectFactoryImpl [main] HHH90000025: PostgreSQLDialect does not need to be specified explicitly using 'hibernate.dialect' (remove the property setting and it will be selected by default)
2024-04-29 03:44:26,477 INFO o.h.e.t.j.p.i.JtaPlatformInitiator [main] HHH000489: No JTA platform available (set 'hibernate.transaction.jta.platform' to enable JTA platform integration)
2024-04-29 03:44:26,718 INFO o.s.o.j.AbstractEntityManagerFactoryBean [main] Initialized JPA EntityManagerFactory for persistence unit 'default'
2024-04-29 03:44:27,055 WARN o.s.b.a.o.j.JpaBaseConfiguration$JpaWebConfiguration [main] spring.jpa.open-in-view is enabled by default. Therefore, database queries may be performed during view rendering. Explicitly configure spring.jpa.open-in-view to disable this warning
2024-04-29 03:44:27,518 INFO o.a.j.l.DirectJDKLog [main] Starting ProtocolHandler ["http-nio-8080"]
2024-04-29 03:44:27,571 INFO o.s.b.w.e.t.TomcatWebServer [main] Tomcat started on port 8080 (http) with context path ''
2024-04-29 03:44:27,582 INFO o.s.b.StartupInfoLogger [main] Started KaryawanApplication in 7.859 seconds (process running for 8.388)
2024-04-29 03:44:29,051 INFO o.a.j.l.DirectJDKLog [http-nio-8080-exec-3] Initializing Spring DispatcherServlet 'dispatcherServlet'
2024-04-29 03:44:29,052 INFO o.s.w.s.FrameworkServlet [http-nio-8080-exec-3] Initializing Servlet 'dispatcherServlet'
2024-04-29 03:44:29,053 INFO o.s.w.s.FrameworkServlet [http-nio-8080-exec-3] Completed initialization in 1 ms
