2024-04-29 03:52:34,139 INFO o.s.b.StartupInfoLogger [main] Starting KaryawanApplication using Java 21.0.2 with PID 8372 (E:\Java\Spring\karyawan\target\classes started by izo in e:\Java\Spring\karyawan)
2024-04-29 03:52:34,287 INFO o.s.b.SpringApplication [main] No active profile set, falling back to 1 default profile: "default"
2024-04-29 03:52:35,348 INFO o.s.d.r.c.RepositoryConfigurationDelegate [main] Bootstrapping Spring Data JPA repositories in DEFAULT mode.
2024-04-29 03:52:35,501 INFO o.s.d.r.c.RepositoryConfigurationDelegate [main] Finished Spring Data repository scanning in 122 ms. Found 5 JPA repository interfaces.
2024-04-29 03:52:36,662 INFO o.s.b.w.e.t.TomcatWebServer [main] Tomcat initialized with port 8080 (http)
2024-04-29 03:52:36,681 INFO o.a.j.l.DirectJDKLog [main] Initializing ProtocolHandler ["http-nio-8080"]
2024-04-29 03:52:36,687 INFO o.a.j.l.DirectJDKLog [main] Starting service [Tomcat]
2024-04-29 03:52:36,688 INFO o.a.j.l.DirectJDKLog [main] Starting Servlet engine: [Apache Tomcat/10.1.20]
2024-04-29 03:52:36,828 INFO o.a.j.l.DirectJDKLog [main] Initializing Spring embedded WebApplicationContext
2024-04-29 03:52:36,829 INFO o.s.b.w.s.c.ServletWebServerApplicationContext [main] Root WebApplicationContext: initialization completed in 2492 ms
2024-04-29 03:52:37,127 INFO o.h.j.i.u.LogHelper [main] HHH000204: Processing PersistenceUnitInfo [name: default]
2024-04-29 03:52:37,241 INFO o.h.Version [main] HHH000412: Hibernate ORM core version 6.4.4.Final
2024-04-29 03:52:37,299 INFO o.h.c.i.RegionFactoryInitiator [main] HHH000026: Second-level cache disabled
2024-04-29 03:52:37,939 INFO o.s.o.j.p.SpringPersistenceUnitInfo [main] No LoadTimeWeaver setup: ignoring JPA class transformer
2024-04-29 03:52:37,991 INFO c.z.h.HikariDataSource [main] HikariPool-1 - Starting...
2024-04-29 03:52:38,290 INFO c.z.h.p.HikariPool [main] HikariPool-1 - Added connection org.postgresql.jdbc.PgConnection@d108406
2024-04-29 03:52:38,291 INFO c.z.h.HikariDataSource [main] HikariPool-1 - Start completed.
2024-04-29 03:52:38,347 WARN o.h.e.j.d.i.DialectFactoryImpl [main] HHH90000025: PostgreSQLDialect does not need to be specified explicitly using 'hibernate.dialect' (remove the property setting and it will be selected by default)
2024-04-29 03:52:39,962 INFO o.h.e.t.j.p.i.JtaPlatformInitiator [main] HHH000489: No JTA platform available (set 'hibernate.transaction.jta.platform' to enable JTA platform integration)
2024-04-29 03:52:40,185 INFO o.s.o.j.AbstractEntityManagerFactoryBean [main] Initialized JPA EntityManagerFactory for persistence unit 'default'
2024-04-29 03:52:40,552 WARN o.s.b.a.o.j.JpaBaseConfiguration$JpaWebConfiguration [main] spring.jpa.open-in-view is enabled by default. Therefore, database queries may be performed during view rendering. Explicitly configure spring.jpa.open-in-view to disable this warning
2024-04-29 03:52:41,314 INFO o.a.j.l.DirectJDKLog [main] Starting ProtocolHandler ["http-nio-8080"]
2024-04-29 03:52:41,388 INFO o.s.b.w.e.t.TomcatWebServer [main] Tomcat started on port 8080 (http) with context path ''
2024-04-29 03:52:41,411 INFO o.s.b.StartupInfoLogger [main] Started KaryawanApplication in 7.979 seconds (process running for 8.444)
2024-04-29 03:53:46,380 INFO o.s.b.StartupInfoLogger [main] Starting KaryawanApplication using Java 21.0.2 with PID 34740 (E:\Java\Spring\karyawan\target\classes started by izo in e:\Java\Spring\karyawan)
2024-04-29 03:53:46,479 INFO o.s.b.SpringApplication [main] No active profile set, falling back to 1 default profile: "default"
2024-04-29 03:53:47,424 INFO o.s.d.r.c.RepositoryConfigurationDelegate [main] Bootstrapping Spring Data JPA repositories in DEFAULT mode.
2024-04-29 03:53:47,532 INFO o.s.d.r.c.RepositoryConfigurationDelegate [main] Finished Spring Data repository scanning in 95 ms. Found 5 JPA repository interfaces.
2024-04-29 03:53:48,465 INFO o.s.b.w.e.t.TomcatWebServer [main] Tomcat initialized with port 8080 (http)
2024-04-29 03:53:48,479 INFO o.a.j.l.DirectJDKLog [main] Initializing ProtocolHandler ["http-nio-8080"]
2024-04-29 03:53:48,483 INFO o.a.j.l.DirectJDKLog [main] Starting service [Tomcat]
2024-04-29 03:53:48,483 INFO o.a.j.l.DirectJDKLog [main] Starting Servlet engine: [Apache Tomcat/10.1.20]
2024-04-29 03:53:48,561 INFO o.a.j.l.DirectJDKLog [main] Initializing Spring embedded WebApplicationContext
2024-04-29 03:53:48,563 INFO o.s.b.w.s.c.ServletWebServerApplicationContext [main] Root WebApplicationContext: initialization completed in 2029 ms
2024-04-29 03:53:48,842 INFO o.h.j.i.u.LogHelper [main] HHH000204: Processing PersistenceUnitInfo [name: default]
2024-04-29 03:53:49,009 INFO o.h.Version [main] HHH000412: Hibernate ORM core version 6.4.4.Final
2024-04-29 03:53:49,065 INFO o.h.c.i.RegionFactoryInitiator [main] HHH000026: Second-level cache disabled
2024-04-29 03:53:49,408 INFO o.s.o.j.p.SpringPersistenceUnitInfo [main] No LoadTimeWeaver setup: ignoring JPA class transformer
2024-04-29 03:53:49,442 INFO c.z.h.HikariDataSource [main] HikariPool-1 - Starting...
2024-04-29 03:53:49,666 INFO c.z.h.p.HikariPool [main] HikariPool-1 - Added connection org.postgresql.jdbc.PgConnection@6e8f2094
2024-04-29 03:53:49,668 INFO c.z.h.HikariDataSource [main] HikariPool-1 - Start completed.
2024-04-29 03:53:49,714 WARN o.h.e.j.d.i.DialectFactoryImpl [main] HHH90000025: PostgreSQLDialect does not need to be specified explicitly using 'hibernate.dialect' (remove the property setting and it will be selected by default)
2024-04-29 03:53:51,080 INFO o.h.e.t.j.p.i.JtaPlatformInitiator [main] HHH000489: No JTA platform available (set 'hibernate.transaction.jta.platform' to enable JTA platform integration)
2024-04-29 03:53:51,233 INFO o.s.o.j.AbstractEntityManagerFactoryBean [main] Initialized JPA EntityManagerFactory for persistence unit 'default'
2024-04-29 03:53:51,698 WARN o.s.b.a.o.j.JpaBaseConfiguration$JpaWebConfiguration [main] spring.jpa.open-in-view is enabled by default. Therefore, database queries may be performed during view rendering. Explicitly configure spring.jpa.open-in-view to disable this warning
2024-04-29 03:53:52,084 INFO o.a.j.l.DirectJDKLog [main] Starting ProtocolHandler ["http-nio-8080"]
2024-04-29 03:53:52,106 INFO o.s.b.w.e.t.TomcatWebServer [main] Tomcat started on port 8080 (http) with context path ''
2024-04-29 03:53:52,115 INFO o.s.b.StartupInfoLogger [main] Started KaryawanApplication in 6.306 seconds (process running for 6.936)
